-------------------------------------------------------------------------------
Test set: com.example.demo.DemoApplicationTests
-------------------------------------------------------------------------------
Tests run: 1, Failures: 0, Errors: 1, Skipped: 0, Time elapsed: 6.908 s <<< FAILURE! - in com.example.demo.DemoApplicationTests
contextLoads  Time elapsed: 0.018 s  <<< ERROR!
java.lang.IllegalStateException: Failed to load ApplicationContext
Caused by: org.springframework.beans.factory.BeanCreationException: 
Error creating bean with name 'dataSourceScriptDatabaseInitializer' defined in class path resource [org/springframework/boot/autoconfigure/sql/init/DataSourceInitializationConfiguration.class]: Invocation of init method failed; nested exception is org.springframework.jdbc.datasource.init.ScriptStatementFailedException: Failed to execute SQL script statement #1 of URL [file:/C:/Users/mikee/Desktop/Demo%20REST%20API/demo/demo/target/classes/data.sql]: INSERT INTO beer(name, abv) VALUES('Jai Al', 7.5); nested exception is org.h2.jdbc.JdbcSQLSyntaxErrorException: Table "BEER" not found; SQL statement:
INSERT INTO beer(name, abv) VALUES('Jai Al', 7.5) [42102-200]
Caused by: org.springframework.jdbc.datasource.init.ScriptStatementFailedException: 
Failed to execute SQL script statement #1 of URL [file:/C:/Users/mikee/Desktop/Demo%20REST%20API/demo/demo/target/classes/data.sql]: INSERT INTO beer(name, abv) VALUES('Jai Al', 7.5); nested exception is org.h2.jdbc.JdbcSQLSyntaxErrorException: Table "BEER" not found; SQL statement:
INSERT INTO beer(name, abv) VALUES('Jai Al', 7.5) [42102-200]
Caused by: org.h2.jdbc.JdbcSQLSyntaxErrorException: 
Table "BEER" not found; SQL statement:
INSERT INTO beer(name, abv) VALUES('Jai Al', 7.5) [42102-200]

